[2025年05月28日19时53分09秒] 获取可转债摘要数据失败: Cannot read properties of undefined (reading 'price')
[2025年05月28日19时53分09秒] 获取更新列表数据失败: /api/update_list Cannot read properties of undefined (reading 'price')
[2025年05月28日19时55分08秒] 获取可转债摘要数据失败: Cannot read properties of undefined (reading 'price')
[2025年05月28日19时55分08秒] 获取更新列表数据失败: /api/update_list Cannot read properties of undefined (reading 'price')
[2025年05月28日19时59分58秒] 获取可转债摘要数据失败: Cannot read properties of undefined (reading 'price')
[2025年05月28日19时59分58秒] 获取更新列表数据失败: /api/update_list Cannot read properties of undefined (reading 'price')
[2025年05月28日20时01分22秒] 获取更新列表数据失败: /api/update_list Cannot read properties of undefined (reading 'price')
[2025年05月28日20时01分22秒] 获取可转债摘要数据失败: Cannot read properties of undefined (reading 'price')
[2025年05月28日20时01分23秒] 获取可转债摘要数据失败: Cannot read properties of undefined (reading 'price')
[2025年05月28日20时01分23秒] 获取更新列表数据失败: /api/update_list Cannot read properties of undefined (reading 'price')
[2025年05月28日20时02分45秒] 获取可转债摘要数据失败: Cannot read properties of undefined (reading 'price')
[2025年05月28日20时02分45秒] 获取更新列表数据失败: /api/update_list Cannot read properties of undefined (reading 'price')
[2025年05月28日20时02分46秒] 获取可转债摘要数据失败: Cannot read properties of undefined (reading 'price')
[2025年05月28日20时02分46秒] 获取更新列表数据失败: /api/update_list Cannot read properties of undefined (reading 'price')
[2025年05月29日09时35分18秒] 未处理的Promise拒绝: fetch failed
[2025年05月29日10时15分38秒] 未处理的Promise拒绝: fetch failed
[2025年05月29日10时34分18秒] 未处理的Promise拒绝: fetch failed
[2025年05月29日13时00分39秒] 未处理的Promise拒绝: fetch failed
[2025年05月29日13时13分59秒] 未处理的Promise拒绝: fetch failed
[2025年05月29日13时15分19秒] 未处理的Promise拒绝: fetch failed
[2025年05月29日13时38分59秒] 未处理的Promise拒绝: fetch failed
[2025年05月29日14时19分39秒] 未处理的Promise拒绝: fetch failed
[2025年05月29日14时26分39秒] 未处理的Promise拒绝: fetch failed
[2025年05月29日14时29分39秒] 未处理的Promise拒绝: fetch failed
[2025年05月29日14时36分39秒] 未处理的Promise拒绝: fetch failed
[2025年05月29日17时29分24秒] 获取可转债策略视图数据失败: You have an error in your SQL syntax; check the manual that corresponds to your MySQL server version for the right syntax to use near 'FROM summary s
      LEFT JOIN bond_strategies bs ON s.bond_id = bs.bond_id
    ' at line 12
[2025年05月29日17时29分24秒] 获取策略视图数据失败: /api/strategy_view You have an error in your SQL syntax; check the manual that corresponds to your MySQL server version for the right syntax to use near 'FROM summary s
      LEFT JOIN bond_strategies bs ON s.bond_id = bs.bond_id
    ' at line 12
[2025年05月29日17时29分28秒] 获取可转债策略视图数据失败: You have an error in your SQL syntax; check the manual that corresponds to your MySQL server version for the right syntax to use near 'FROM summary s
      LEFT JOIN bond_strategies bs ON s.bond_id = bs.bond_id
    ' at line 12
[2025年05月29日17时29分28秒] 获取策略视图数据失败: /api/strategy_view You have an error in your SQL syntax; check the manual that corresponds to your MySQL server version for the right syntax to use near 'FROM summary s
      LEFT JOIN bond_strategies bs ON s.bond_id = bs.bond_id
    ' at line 12
